<?xml version="1.0" encoding="UTF-8"?>
<testsuite name="TicketPurchaseTest" tests="4" skipped="0" failures="0" errors="0" timestamp="2025-05-04T12:38:18" hostname="DESKTOP-41Q79Q6" time="0.023">
  <properties/>
  <testcase name="NotEnoughMoney()" classname="TicketPurchaseTest" time="0.013"/>
  <testcase name="NotEnoughTicket()" classname="TicketPurchaseTest" time="0.001"/>
  <testcase name="SuccessfulPurchase()" classname="TicketPurchaseTest" time="0.002"/>
  <testcase name="MovieIsNotExist()" classname="TicketPurchaseTest" time="0.002"/>
  <system-out><![CDATA[]]></system-out>
  <system-err><![CDATA[]]></system-err>
</testsuite>
