<?xml version="1.0" encoding="UTF-8"?>
<testsuite name="TicketPurchaseTest" tests="1" skipped="0" failures="0" errors="0" timestamp="2025-05-04T16:40:23" hostname="DESKTOP-41Q79Q6" time="0.014">
  <properties/>
  <testcase name="NotEnoughTicket()" classname="TicketPurchaseTest" time="0.014"/>
  <system-out><![CDATA[]]></system-out>
  <system-err><![CDATA[]]></system-err>
</testsuite>
